# JRE version: Java(TM) SE Runtime Environment (8.0_141-b15) (build 1.8.0_141-b15)
# Java VM: Java HotSpot(TM) 64-Bit Server VM (25.141-b15 mixed mode linux-amd64 compressed oops)
Heap:
 def new generation   total 65536K, used 21085K [0x00000000f0800000, 0x00000000f4f10000, 0x00000000f5aa0000)
  eden space 58304K,  34% used [0x00000000f0800000, 0x00000000f1b8dff8, 0x00000000f40f0000)
  from space 7232K,  14% used [0x00000000f4800000, 0x00000000f4909420, 0x00000000f4f10000)
  to   space 7232K,   0% used [0x00000000f40f0000, 0x00000000f40f0000, 0x00000000f4800000)
 tenured generation   total 145388K, used 120217K [0x00000000f5aa0000, 0x00000000fe89b000, 0x0000000100000000)
   the space 145388K,  82% used [0x00000000f5aa0000, 0x00000000fd006448, 0x00000000fd006600, 0x00000000fe89b000)
 Metaspace       used 69270K, capacity 72606K, committed 72704K, reserved 1112064K
  class space    used 9123K, capacity 9907K, committed 9984K, reserved 1048576K
GC Heap History (10 events):
Event: 39.702 GC heap before
{Heap before GC invocations=139 (full 8):
 def new generation   total 65536K, used 60528K [0x00000000f0800000, 0x00000000f4f10000, 0x00000000f5aa0000)
  eden space 58304K, 100% used [0x00000000f0800000, 0x00000000f40f0000, 0x00000000f40f0000)
  from space 7232K,  30% used [0x00000000f40f0000, 0x00000000f431c0a8, 0x00000000f4800000)
  to   space 7232K,   0% used [0x00000000f4800000, 0x00000000f4800000, 0x00000000f4f10000)
 tenured generation   total 145388K, used 96483K [0x00000000f5aa0000, 0x00000000fe89b000, 0x0000000100000000)
   the space 145388K,  66% used [0x00000000f5aa0000, 0x00000000fb8d8c88, 0x00000000fb8d8e00, 0x00000000fe89b000)
 Metaspace       used 64773K, capacity 68000K, committed 68096K, reserved 1107968K
  class space    used 8449K, capacity 9168K, committed 9216K, reserved 1048576K
Event: 39.738 GC heap after
Heap after GC invocations=140 (full 8):
 def new generation   total 65536K, used 7232K [0x00000000f0800000, 0x00000000f4f10000, 0x00000000f5aa0000)
  eden space 58304K,   0% used [0x00000000f0800000, 0x00000000f0800000, 0x00000000f40f0000)
  from space 7232K, 100% used [0x00000000f4800000, 0x00000000f4f10000, 0x00000000f4f10000)
  to   space 7232K,   0% used [0x00000000f40f0000, 0x00000000f40f0000, 0x00000000f4800000)
 tenured generation   total 145388K, used 101111K [0x00000000f5aa0000, 0x00000000fe89b000, 0x0000000100000000)
   the space 145388K,  69% used [0x00000000f5aa0000, 0x00000000fbd5dfc8, 0x00000000fbd5e000, 0x00000000fe89b000)
 Metaspace       used 64773K, capacity 68000K, committed 68096K, reserved 1107968K
  class space    used 8449K, capacity 9168K, committed 9216K, reserved 1048576K
}
Event: 39.979 GC heap before
{Heap before GC invocations=140 (full 8):
 def new generation   total 65536K, used 65536K [0x00000000f0800000, 0x00000000f4f10000, 0x00000000f5aa0000)
  eden space 58304K, 100% used [0x00000000f0800000, 0x00000000f40f0000, 0x00000000f40f0000)
  from space 7232K, 100% used [0x00000000f4800000, 0x00000000f4f10000, 0x00000000f4f10000)
  to   space 7232K,   0% used [0x00000000f40f0000, 0x00000000f40f0000, 0x00000000f4800000)
 tenured generation   total 145388K, used 101111K [0x00000000f5aa0000, 0x00000000fe89b000, 0x0000000100000000)
   the space 145388K,  69% used [0x00000000f5aa0000, 0x00000000fbd5dfc8, 0x00000000fbd5e000, 0x00000000fe89b000)
 Metaspace       used 64787K, capacity 68010K, committed 68096K, reserved 1107968K
  class space    used 8450K, capacity 9169K, committed 9216K, reserved 1048576K
Event: 40.013 GC heap after
Heap after GC invocations=141 (full 8):
 def new generation   total 65536K, used 4164K [0x00000000f0800000, 0x00000000f4f10000, 0x00000000f5aa0000)
  eden space 58304K,   0% used [0x00000000f0800000, 0x00000000f0800000, 0x00000000f40f0000)
  from space 7232K,  57% used [0x00000000f40f0000, 0x00000000f4501300, 0x00000000f4800000)
  to   space 7232K,   0% used [0x00000000f4800000, 0x00000000f4800000, 0x00000000f4f10000)
 tenured generation   total 145388K, used 107871K [0x00000000f5aa0000, 0x00000000fe89b000, 0x0000000100000000)
   the space 145388K,  74% used [0x00000000f5aa0000, 0x00000000fc3f7e28, 0x00000000fc3f8000, 0x00000000fe89b000)
 Metaspace       used 64787K, capacity 68010K, committed 68096K, reserved 1107968K
  class space    used 8450K, capacity 9169K, committed 9216K, reserved 1048576K
}
Event: 40.251 GC heap before
{Heap before GC invocations=141 (full 8):
 def new generation   total 65536K, used 62468K [0x00000000f0800000, 0x00000000f4f10000, 0x00000000f5aa0000)
  eden space 58304K, 100% used [0x00000000f0800000, 0x00000000f40f0000, 0x00000000f40f0000)
  from space 7232K,  57% used [0x00000000f40f0000, 0x00000000f4501300, 0x00000000f4800000)
  to   space 7232K,   0% used [0x00000000f4800000, 0x00000000f4800000, 0x00000000f4f10000)
 tenured generation   total 145388K, used 107871K [0x00000000f5aa0000, 0x00000000fe89b000, 0x0000000100000000)
   the space 145388K,  74% used [0x00000000f5aa0000, 0x00000000fc3f7e28, 0x00000000fc3f8000, 0x00000000fe89b000)
 Metaspace       used 64882K, capacity 68106K, committed 68352K, reserved 1107968K
  class space    used 8468K, capacity 9201K, committed 9216K, reserved 1048576K
Event: 40.266 GC heap after
Heap after GC invocations=142 (full 8):
 def new generation   total 65536K, used 145K [0x00000000f0800000, 0x00000000f4f10000, 0x00000000f5aa0000)
  eden space 58304K,   0% used [0x00000000f0800000, 0x00000000f0800000, 0x00000000f40f0000)
  from space 7232K,   2% used [0x00000000f4800000, 0x00000000f48245e8, 0x00000000f4f10000)
  to   space 7232K,   0% used [0x00000000f40f0000, 0x00000000f40f0000, 0x00000000f4800000)
 tenured generation   total 145388K, used 112025K [0x00000000f5aa0000, 0x00000000fe89b000, 0x0000000100000000)
   the space 145388K,  77% used [0x00000000f5aa0000, 0x00000000fc806438, 0x00000000fc806600, 0x00000000fe89b000)
 Metaspace       used 64882K, capacity 68106K, committed 68352K, reserved 1107968K
  class space    used 8468K, capacity 9201K, committed 9216K, reserved 1048576K
}
Event: 42.720 GC heap before
{Heap before GC invocations=142 (full 8):
 def new generation   total 65536K, used 58449K [0x00000000f0800000, 0x00000000f4f10000, 0x00000000f5aa0000)
  eden space 58304K, 100% used [0x00000000f0800000, 0x00000000f40f0000, 0x00000000f40f0000)
  from space 7232K,   2% used [0x00000000f4800000, 0x00000000f48245e8, 0x00000000f4f10000)
  to   space 7232K,   0% used [0x00000000f40f0000, 0x00000000f40f0000, 0x00000000f4800000)
 tenured generation   total 145388K, used 112025K [0x00000000f5aa0000, 0x00000000fe89b000, 0x0000000100000000)
   the space 145388K,  77% used [0x00000000f5aa0000, 0x00000000fc806438, 0x00000000fc806600, 0x00000000fe89b000)
 Metaspace       used 65119K, capacity 68394K, committed 68736K, reserved 1107968K
  class space    used 8488K, capacity 9233K, committed 9344K, reserved 1048576K
Event: 42.727 GC heap after
Heap after GC invocations=143 (full 8):
 def new generation   total 65536K, used 266K [0x00000000f0800000, 0x00000000f4f10000, 0x00000000f5aa0000)
  eden space 58304K,   0% used [0x00000000f0800000, 0x00000000f0800000, 0x00000000f40f0000)
  from space 7232K,   3% used [0x00000000f40f0000, 0x00000000f41329e0, 0x00000000f4800000)
  to   space 7232K,   0% used [0x00000000f4800000, 0x00000000f4800000, 0x00000000f4f10000)
 tenured generation   total 145388K, used 120217K [0x00000000f5aa0000, 0x00000000fe89b000, 0x0000000100000000)
   the space 145388K,  82% used [0x00000000f5aa0000, 0x00000000fd006448, 0x00000000fd006600, 0x00000000fe89b000)
 Metaspace       used 65119K, capacity 68394K, committed 68736K, reserved 1107968K
  class space    used 8488K, capacity 9233K, committed 9344K, reserved 1048576K
}
Event: 45.919 GC heap before
{Heap before GC invocations=143 (full 8):
 def new generation   total 65536K, used 58570K [0x00000000f0800000, 0x00000000f4f10000, 0x00000000f5aa0000)
  eden space 58304K, 100% used [0x00000000f0800000, 0x00000000f40f0000, 0x00000000f40f0000)
  from space 7232K,   3% used [0x00000000f40f0000, 0x00000000f41329e0, 0x00000000f4800000)
  to   space 7232K,   0% used [0x00000000f4800000, 0x00000000f4800000, 0x00000000f4f10000)
 tenured generation   total 145388K, used 120217K [0x00000000f5aa0000, 0x00000000fe89b000, 0x0000000100000000)
   the space 145388K,  82% used [0x00000000f5aa0000, 0x00000000fd006448, 0x00000000fd006600, 0x00000000fe89b000)
 Metaspace       used 67352K, capacity 70662K, committed 70784K, reserved 1110016K
  class space    used 8770K, capacity 9535K, committed 9600K, reserved 1048576K
Event: 45.931 GC heap after
Heap after GC invocations=144 (full 8):
 def new generation   total 65536K, used 1061K [0x00000000f0800000, 0x00000000f4f10000, 0x00000000f5aa0000)
  eden space 58304K,   0% used [0x00000000f0800000, 0x00000000f0800000, 0x00000000f40f0000)
  from space 7232K,  14% used [0x00000000f4800000, 0x00000000f4909420, 0x00000000f4f10000)
  to   space 7232K,   0% used [0x00000000f40f0000, 0x00000000f40f0000, 0x00000000f4800000)
 tenured generation   total 145388K, used 120217K [0x00000000f5aa0000, 0x00000000fe89b000, 0x0000000100000000)
   the space 145388K,  82% used [0x00000000f5aa0000, 0x00000000fd006448, 0x00000000fd006600, 0x00000000fe89b000)
 Metaspace       used 67352K, capacity 70662K, committed 70784K, reserved 1110016K
  class space    used 8770K, capacity 9535K, committed 9600K, reserved 1048576K
}

